# JRE version: OpenJDK Runtime Environment (23.0.1+11) (build 23.0.1+11-39)
# Java VM: OpenJDK 64-Bit Server VM (23.0.1+11-39, mixed mode, sharing, tiered, compressed oops, compressed class ptrs, g1 gc, windows-amd64)
GC Precious Log:
 CardTable entry size: 512
 Card Set container configuration: InlinePtr #cards 5 size 8 Array Of Cards #cards 10 size 36 Howl #buckets 4 coarsen threshold 1843 Howl Bitmap #cards 512 size 80 coarsen threshold 460 Card regions per heap region 1 cards per card region 2048
 CPUs: 12 total, 12 available
 Memory: 5996M
 Large Page Support: Disabled
 NUMA Support: Disabled
 Compressed Oops: Enabled (32-bit)
 Heap Region Size: 1M
 Heap Min Capacity: 8M
 Heap Initial Capacity: 94M
 Heap Max Capacity: 1500M
 Pre-touch: Disabled
 Parallel Workers: 10
 Concurrent Workers: 3
 Concurrent Refinement Workers: 10
 Periodic GC: Disabled
Heap:
 garbage-first heap   total reserved 1536000K, committed 105472K, used 60630K [0x00000000a2400000, 0x0000000100000000)
  region size 1024K, 29 young (29696K), 3 survivors (3072K)
 Metaspace       used 82456K, committed 83072K, reserved 1179648K
  class space    used 11351K, committed 11648K, reserved 1048576K
GC Heap History (20 events):
Event: 7302.570 GC heap before
{Heap before GC invocations=41 (full 0):
 garbage-first heap   total reserved 1536000K, committed 105472K, used 94251K [0x00000000a2400000, 0x0000000100000000)
  region size 1024K, 59 young (60416K), 4 survivors (4096K)
 Metaspace       used 80416K, committed 81024K, reserved 1179648K
  class space    used 11351K, committed 11648K, reserved 1048576K
}
Event: 7302.656 GC heap after
{Heap after GC invocations=42 (full 0):
 garbage-first heap   total reserved 1536000K, committed 105472K, used 36922K [0x00000000a2400000, 0x0000000100000000)
  region size 1024K, 4 young (4096K), 4 survivors (4096K)
 Metaspace       used 80416K, committed 81024K, reserved 1179648K
  class space    used 11351K, committed 11648K, reserved 1048576K
}
Event: 7482.138 GC heap before
{Heap before GC invocations=42 (full 0):
 garbage-first heap   total reserved 1536000K, committed 105472K, used 93242K [0x00000000a2400000, 0x0000000100000000)
  region size 1024K, 60 young (61440K), 4 survivors (4096K)
 Metaspace       used 81073K, committed 81728K, reserved 1179648K
  class space    used 11355K, committed 11648K, reserved 1048576K
}
Event: 7482.222 GC heap after
{Heap after GC invocations=43 (full 0):
 garbage-first heap   total reserved 1536000K, committed 105472K, used 37696K [0x00000000a2400000, 0x0000000100000000)
  region size 1024K, 5 young (5120K), 5 survivors (5120K)
 Metaspace       used 81073K, committed 81728K, reserved 1179648K
  class space    used 11355K, committed 11648K, reserved 1048576K
}
Event: 7486.349 GC heap before
{Heap before GC invocations=44 (full 0):
 garbage-first heap   total reserved 1536000K, committed 105472K, used 91968K [0x00000000a2400000, 0x0000000100000000)
  region size 1024K, 59 young (60416K), 5 survivors (5120K)
 Metaspace       used 81816K, committed 82432K, reserved 1179648K
  class space    used 11357K, committed 11648K, reserved 1048576K
}
Event: 7486.363 GC heap after
{Heap after GC invocations=45 (full 0):
 garbage-first heap   total reserved 1536000K, committed 105472K, used 37513K [0x00000000a2400000, 0x0000000100000000)
  region size 1024K, 3 young (3072K), 3 survivors (3072K)
 Metaspace       used 81816K, committed 82432K, reserved 1179648K
  class space    used 11357K, committed 11648K, reserved 1048576K
}
Event: 7490.660 GC heap before
{Heap before GC invocations=45 (full 0):
 garbage-first heap   total reserved 1536000K, committed 105472K, used 94857K [0x00000000a2400000, 0x0000000100000000)
  region size 1024K, 60 young (61440K), 3 survivors (3072K)
 Metaspace       used 82341K, committed 83008K, reserved 1179648K
  class space    used 11357K, committed 11648K, reserved 1048576K
}
Event: 7490.674 GC heap after
{Heap after GC invocations=46 (full 0):
 garbage-first heap   total reserved 1536000K, committed 105472K, used 36762K [0x00000000a2400000, 0x0000000100000000)
  region size 1024K, 3 young (3072K), 3 survivors (3072K)
 Metaspace       used 82341K, committed 83008K, reserved 1179648K
  class space    used 11357K, committed 11648K, reserved 1048576K
}
Event: 7494.413 GC heap before
{Heap before GC invocations=46 (full 0):
 garbage-first heap   total reserved 1536000K, committed 105472K, used 95130K [0x00000000a2400000, 0x0000000100000000)
  region size 1024K, 61 young (62464K), 3 survivors (3072K)
 Metaspace       used 82435K, committed 83072K, reserved 1179648K
  class space    used 11357K, committed 11648K, reserved 1048576K
}
Event: 7494.417 GC heap after
{Heap after GC invocations=47 (full 0):
 garbage-first heap   total reserved 1536000K, committed 105472K, used 36712K [0x00000000a2400000, 0x0000000100000000)
  region size 1024K, 3 young (3072K), 3 survivors (3072K)
 Metaspace       used 82435K, committed 83072K, reserved 1179648K
  class space    used 11357K, committed 11648K, reserved 1048576K
}
Event: 7498.799 GC heap before
{Heap before GC invocations=48 (full 0):
 garbage-first heap   total reserved 1536000K, committed 105472K, used 95080K [0x00000000a2400000, 0x0000000100000000)
  region size 1024K, 61 young (62464K), 3 survivors (3072K)
 Metaspace       used 82452K, committed 83072K, reserved 1179648K
  class space    used 11351K, committed 11648K, reserved 1048576K
}
Event: 7498.802 GC heap after
{Heap after GC invocations=49 (full 0):
 garbage-first heap   total reserved 1536000K, committed 105472K, used 36757K [0x00000000a2400000, 0x0000000100000000)
  region size 1024K, 3 young (3072K), 3 survivors (3072K)
 Metaspace       used 82452K, committed 83072K, reserved 1179648K
  class space    used 11351K, committed 11648K, reserved 1048576K
}
Event: 7502.790 GC heap before
{Heap before GC invocations=49 (full 0):
 garbage-first heap   total reserved 1536000K, committed 105472K, used 95125K [0x00000000a2400000, 0x0000000100000000)
  region size 1024K, 61 young (62464K), 3 survivors (3072K)
 Metaspace       used 82456K, committed 83072K, reserved 1179648K
  class space    used 11351K, committed 11648K, reserved 1048576K
}
Event: 7502.822 GC heap after
{Heap after GC invocations=50 (full 0):
 garbage-first heap   total reserved 1536000K, committed 105472K, used 36005K [0x00000000a2400000, 0x0000000100000000)
  region size 1024K, 3 young (3072K), 3 survivors (3072K)
 Metaspace       used 82456K, committed 83072K, reserved 1179648K
  class space    used 11351K, committed 11648K, reserved 1048576K
}
Event: 7507.627 GC heap before
{Heap before GC invocations=50 (full 0):
 garbage-first heap   total reserved 1536000K, committed 105472K, used 94373K [0x00000000a2400000, 0x0000000100000000)
  region size 1024K, 61 young (62464K), 3 survivors (3072K)
 Metaspace       used 82456K, committed 83072K, reserved 1179648K
  class space    used 11351K, committed 11648K, reserved 1048576K
}
Event: 7507.632 GC heap after
{Heap after GC invocations=51 (full 0):
 garbage-first heap   total reserved 1536000K, committed 105472K, used 36314K [0x00000000a2400000, 0x0000000100000000)
  region size 1024K, 3 young (3072K), 3 survivors (3072K)
 Metaspace       used 82456K, committed 83072K, reserved 1179648K
  class space    used 11351K, committed 11648K, reserved 1048576K
}
Event: 7514.490 GC heap before
{Heap before GC invocations=52 (full 0):
 garbage-first heap   total reserved 1536000K, committed 105472K, used 94682K [0x00000000a2400000, 0x0000000100000000)
  region size 1024K, 61 young (62464K), 3 survivors (3072K)
 Metaspace       used 82456K, committed 83072K, reserved 1179648K
  class space    used 11351K, committed 11648K, reserved 1048576K
}
Event: 7514.496 GC heap after
{Heap after GC invocations=53 (full 0):
 garbage-first heap   total reserved 1536000K, committed 105472K, used 36329K [0x00000000a2400000, 0x0000000100000000)
  region size 1024K, 3 young (3072K), 3 survivors (3072K)
 Metaspace       used 82456K, committed 83072K, reserved 1179648K
  class space    used 11351K, committed 11648K, reserved 1048576K
}
Event: 7518.069 GC heap before
{Heap before GC invocations=53 (full 0):
 garbage-first heap   total reserved 1536000K, committed 105472K, used 94697K [0x00000000a2400000, 0x0000000100000000)
  region size 1024K, 61 young (62464K), 3 survivors (3072K)
 Metaspace       used 82456K, committed 83072K, reserved 1179648K
  class space    used 11351K, committed 11648K, reserved 1048576K
}
Event: 7518.080 GC heap after
{Heap after GC invocations=54 (full 0):
 garbage-first heap   total reserved 1536000K, committed 105472K, used 36054K [0x00000000a2400000, 0x0000000100000000)
  region size 1024K, 3 young (3072K), 3 survivors (3072K)
 Metaspace       used 82456K, committed 83072K, reserved 1179648K
  class space    used 11351K, committed 11648K, reserved 1048576K
}

